<?xml version="1.0" encoding="UTF-8"?>
<!-- Generated by org.testng.reporters.JUnitXMLReporter -->
<testsuite hostname="G10GGNLT049" name="EdgeTest" tests="10" failures="1" timestamp="12 Oct 2017 07:00:16 GMT" time="601.983" errors="0">
  <testcase name="@BeforeMethod getDriver" time="0.0" classname="com.usgbc.dev.regression.UsgbcCoreTest">
    <failure type="org.openqa.selenium.WebDriverException" message="Failed to connect to binary FirefoxBinary(C:\Program Files\Mozilla Firefox\firefox.exe) on port 7055; process output follows: 
e&amp;quot;:true,&amp;quot;active&amp;quot;:true,&amp;quot;userDisabled&amp;quot;:false,&amp;quot;appDisabled&amp;quot;:false,&amp;quot;descriptor&amp;quot;:&amp;quot;C:\\Program Files\\Mozilla Firefox\\browser\\extensions\\{972ce4c6-7e08-4474-a285-3208198ce6fd}.xpi&amp;quot;,&amp;quot;installDate&amp;quot;:1466736750000,&amp;quot;updateDate&amp;quot;:1466736750000,&amp;quot;applyBackgroundUpdates&amp;quot;:1,&amp;quot;skinnable&amp;quot;:true,&amp;quot;size&amp;quot;:22012,&amp;quot;sourceURI&amp;quot;:null,&amp;quot;releaseNotesURI&amp;quot;:null,&amp;quot;softDisabled&amp;quot;:false,&amp;quot;foreignInstall&amp;quot;:false,&amp;quot;hasBinaryComponents&amp;quot;:false,&amp;quot;strictCompatibility&amp;quot;:true,&amp;quot;locales&amp;quot;:[],&amp;quot;targetApplications&amp;quot;:[{&amp;quot;id&amp;quot;:&amp;quot;{ec8030f7-c20a-464f-9b0e-13a3a9e97384}&amp;quot;,&amp;quot;minVersion&amp;quot;:&amp;quot;47.0.1&amp;quot;,&amp;quot;maxVersion&amp;quot;:&amp;quot;47.0.1&amp;quot;}],&amp;quot;targetPlatforms&amp;quot;:[],&amp;quot;seen&amp;quot;:true}
1507791570240	addons.xpi	DEBUG	getModTime: Recursive scan of {972ce4c6-7e08-4474-a285-3208198ce6fd}
1507791570241	DeferredSave.extensions.json	DEBUG	Save changes
1507791570241	addons.xpi	DEBUG	Updating database with changes to installed add-ons
1507791570241	addons.xpi-utils	DEBUG	Updating add-on states
1507791570243	addons.xpi-utils	DEBUG	Writing add-ons list
1507791570257	addons.manager	DEBUG	Registering shutdown blocker for XPIProvider
1507791570257	addons.manager	DEBUG	Provider finished startup: XPIProvider
1507791570257	addons.manager	DEBUG	Starting provider: LightweightThemeManager
1507791570257	addons.manager	DEBUG	Registering shutdown blocker for LightweightThemeManager
1507791570260	addons.manager	DEBUG	Provider finished startup: LightweightThemeManager
1507791570260	addons.manager	DEBUG	Starting provider: GMPProvider
1507791570271	addons.manager	DEBUG	Registering shutdown blocker for GMPProvider
1507791570271	addons.manager	DEBUG	Provider finished startup: GMPProvider
1507791570271	addons.manager	DEBUG	Starting provider: PluginProvider
1507791570271	addons.manager	DEBUG	Registering shutdown blocker for PluginProvider
1507791570272	addons.manager	DEBUG	Provider finished startup: PluginProvider
1507791570272	addons.manager	DEBUG	Completed startup sequence
[GFX1]: Potential driver version mismatch ignored due to missing DLLs 0.0.0.0 and 0.0.0.0
1507791571574	DeferredSave.extensions.json	DEBUG	Starting write
1507791571843	addons.repository	DEBUG	No addons.json found.
1507791571844	DeferredSave.addons.json	DEBUG	Save changes
1507791571848	DeferredSave.addons.json	DEBUG	Starting timer
1507791571871	addons.manager	DEBUG	Starting provider: PreviousExperimentProvider
1507791571871	addons.manager	DEBUG	Registering shutdown blocker for PreviousExperimentProvider
1507791571872	addons.manager	DEBUG	Provider finished startup: PreviousExperimentProvider
1507791571876	DeferredSave.extensions.json	DEBUG	Write succeeded
1507791571876	addons.xpi-utils	DEBUG	XPI Database saved, setting schema version preference to 17
1507791571904	DeferredSave.addons.json	DEBUG	Starting write
1507791571975	DeferredSave.addons.json	DEBUG	Write succeeded
JavaScript error: chrome://fxdriver/content/server.js, line 61: uncaught exception: [object Object]
JavaScript error: chrome://fxdriver/content/server.js, line 61: NS_ERROR_XPC_CI_RETURNED_FAILURE: Component returned failure code: 0x80570015 (NS_ERROR_XPC_CI_RETURNED_FAILURE) [nsIJSCID.createInstance]
1507791573547	addons.manager	DEBUG	Starting provider: &amp;lt;unnamed-provider&amp;gt;
1507791573547	addons.manager	DEBUG	Registering shutdown blocker for &amp;lt;unnamed-provider&amp;gt;
1507791573548	addons.manager	DEBUG	Provider finished startup: &amp;lt;unnamed-provider&amp;gt;
1507791589618	addons.manager	DEBUG	shutdown
1507791589619	addons.manager	DEBUG	Calling shutdown blocker for XPIProvider
1507791589619	addons.xpi	DEBUG	shutdown
1507791589619	addons.xpi-utils	DEBUG	shutdown
1507791589620	addons.manager	DEBUG	Calling shutdown blocker for LightweightThemeManager
1507791589621	addons.manager	DEBUG	Calling shutdown blocker for GMPProvider
1507791589624	addons.manager	DEBUG	Calling shutdown blocker for PluginProvider
1507791589627	addons.manager	DEBUG	Calling shutdown blocker for PreviousExperimentProvider
1507791589627	addons.manager	DEBUG	Calling shutdown blocker for &amp;lt;unnamed-provider&amp;gt;
1507791589631	addons.xpi	DEBUG	Notifying XPI shutdown observers
1507791589638	addons.manager	DEBUG	Async provider shutdown done

Build info: version: &amp;apos;2.53.1&amp;apos;, revision: &amp;apos;a36b8b1cd5757287168e54b817830adce9b0158d&amp;apos;, time: &amp;apos;2016-06-30 19:26:09&amp;apos;
System info: host: &amp;apos;G10GGNLT049&amp;apos;, ip: &amp;apos;192.168.56.1&amp;apos;, os.name: &amp;apos;Windows 10&amp;apos;, os.arch: &amp;apos;amd64&amp;apos;, os.version: &amp;apos;10.0&amp;apos;, java.version: &amp;apos;1.8.0_131&amp;apos;
Driver info: driver.version: FirefoxDriver">
      <![CDATA[org.openqa.selenium.WebDriverException: Failed to connect to binary FirefoxBinary(C:\Program Files\Mozilla Firefox\firefox.exe) on port 7055; process output follows: 
e":true,"active":true,"userDisabled":false,"appDisabled":false,"descriptor":"C:\\Program Files\\Mozilla Firefox\\browser\\extensions\\{972ce4c6-7e08-4474-a285-3208198ce6fd}.xpi","installDate":1466736750000,"updateDate":1466736750000,"applyBackgroundUpdates":1,"skinnable":true,"size":22012,"sourceURI":null,"releaseNotesURI":null,"softDisabled":false,"foreignInstall":false,"hasBinaryComponents":false,"strictCompatibility":true,"locales":[],"targetApplications":[{"id":"{ec8030f7-c20a-464f-9b0e-13a3a9e97384}","minVersion":"47.0.1","maxVersion":"47.0.1"}],"targetPlatforms":[],"seen":true}
1507791570240	addons.xpi	DEBUG	getModTime: Recursive scan of {972ce4c6-7e08-4474-a285-3208198ce6fd}
1507791570241	DeferredSave.extensions.json	DEBUG	Save changes
1507791570241	addons.xpi	DEBUG	Updating database with changes to installed add-ons
1507791570241	addons.xpi-utils	DEBUG	Updating add-on states
1507791570243	addons.xpi-utils	DEBUG	Writing add-ons list
1507791570257	addons.manager	DEBUG	Registering shutdown blocker for XPIProvider
1507791570257	addons.manager	DEBUG	Provider finished startup: XPIProvider
1507791570257	addons.manager	DEBUG	Starting provider: LightweightThemeManager
1507791570257	addons.manager	DEBUG	Registering shutdown blocker for LightweightThemeManager
1507791570260	addons.manager	DEBUG	Provider finished startup: LightweightThemeManager
1507791570260	addons.manager	DEBUG	Starting provider: GMPProvider
1507791570271	addons.manager	DEBUG	Registering shutdown blocker for GMPProvider
1507791570271	addons.manager	DEBUG	Provider finished startup: GMPProvider
1507791570271	addons.manager	DEBUG	Starting provider: PluginProvider
1507791570271	addons.manager	DEBUG	Registering shutdown blocker for PluginProvider
1507791570272	addons.manager	DEBUG	Provider finished startup: PluginProvider
1507791570272	addons.manager	DEBUG	Completed startup sequence
[GFX1]: Potential driver version mismatch ignored due to missing DLLs 0.0.0.0 and 0.0.0.0
1507791571574	DeferredSave.extensions.json	DEBUG	Starting write
1507791571843	addons.repository	DEBUG	No addons.json found.
1507791571844	DeferredSave.addons.json	DEBUG	Save changes
1507791571848	DeferredSave.addons.json	DEBUG	Starting timer
1507791571871	addons.manager	DEBUG	Starting provider: PreviousExperimentProvider
1507791571871	addons.manager	DEBUG	Registering shutdown blocker for PreviousExperimentProvider
1507791571872	addons.manager	DEBUG	Provider finished startup: PreviousExperimentProvider
1507791571876	DeferredSave.extensions.json	DEBUG	Write succeeded
1507791571876	addons.xpi-utils	DEBUG	XPI Database saved, setting schema version preference to 17
1507791571904	DeferredSave.addons.json	DEBUG	Starting write
1507791571975	DeferredSave.addons.json	DEBUG	Write succeeded
JavaScript error: chrome://fxdriver/content/server.js, line 61: uncaught exception: [object Object]
JavaScript error: chrome://fxdriver/content/server.js, line 61: NS_ERROR_XPC_CI_RETURNED_FAILURE: Component returned failure code: 0x80570015 (NS_ERROR_XPC_CI_RETURNED_FAILURE) [nsIJSCID.createInstance]
1507791573547	addons.manager	DEBUG	Starting provider: <unnamed-provider>
1507791573547	addons.manager	DEBUG	Registering shutdown blocker for <unnamed-provider>
1507791573548	addons.manager	DEBUG	Provider finished startup: <unnamed-provider>
1507791589618	addons.manager	DEBUG	shutdown
1507791589619	addons.manager	DEBUG	Calling shutdown blocker for XPIProvider
1507791589619	addons.xpi	DEBUG	shutdown
1507791589619	addons.xpi-utils	DEBUG	shutdown
1507791589620	addons.manager	DEBUG	Calling shutdown blocker for LightweightThemeManager
1507791589621	addons.manager	DEBUG	Calling shutdown blocker for GMPProvider
1507791589624	addons.manager	DEBUG	Calling shutdown blocker for PluginProvider
1507791589627	addons.manager	DEBUG	Calling shutdown blocker for PreviousExperimentProvider
1507791589627	addons.manager	DEBUG	Calling shutdown blocker for <unnamed-provider>
1507791589631	addons.xpi	DEBUG	Notifying XPI shutdown observers
1507791589638	addons.manager	DEBUG	Async provider shutdown done

Build info: version: '2.53.1', revision: 'a36b8b1cd5757287168e54b817830adce9b0158d', time: '2016-06-30 19:26:09'
System info: host: 'G10GGNLT049', ip: '192.168.56.1', os.name: 'Windows 10', os.arch: 'amd64', os.version: '10.0', java.version: '1.8.0_131'
Driver info: driver.version: FirefoxDriver
	at org.openqa.selenium.firefox.internal.NewProfileExtensionConnection.start(NewProfileExtensionConnection.java:125)
	at org.openqa.selenium.firefox.FirefoxDriver.startClient(FirefoxDriver.java:271)
	at org.openqa.selenium.remote.RemoteWebDriver.<init>(RemoteWebDriver.java:119)
	at org.openqa.selenium.firefox.FirefoxDriver.<init>(FirefoxDriver.java:216)
	at org.openqa.selenium.firefox.FirefoxDriver.<init>(FirefoxDriver.java:211)
	at org.openqa.selenium.firefox.FirefoxDriver.<init>(FirefoxDriver.java:207)
	at org.openqa.selenium.firefox.FirefoxDriver.<init>(FirefoxDriver.java:120)
	at com.usgbc.utility.Base.getDriver(Base.java:25)
	at java.util.concurrent.FutureTask.run(FutureTask.java:266)
	at java.util.concurrent.ThreadPoolExecutor.runWorker(ThreadPoolExecutor.java:1142)
	at java.util.concurrent.ThreadPoolExecutor$Worker.run(ThreadPoolExecutor.java:617)
	at java.lang.Thread.run(Thread.java:748)
Caused by: org.openqa.selenium.firefox.NotConnectedException: Unable to connect to host 127.0.0.1 on port 7055 after 45000 ms. Firefox console output:
e":true,"active":true,"userDisabled":false,"appDisabled":false,"descriptor":"C:\\Program Files\\Mozilla Firefox\\browser\\extensions\\{972ce4c6-7e08-4474-a285-3208198ce6fd}.xpi","installDate":1466736750000,"updateDate":1466736750000,"applyBackgroundUpdates":1,"skinnable":true,"size":22012,"sourceURI":null,"releaseNotesURI":null,"softDisabled":false,"foreignInstall":false,"hasBinaryComponents":false,"strictCompatibility":true,"locales":[],"targetApplications":[{"id":"{ec8030f7-c20a-464f-9b0e-13a3a9e97384}","minVersion":"47.0.1","maxVersion":"47.0.1"}],"targetPlatforms":[],"seen":true}
1507791570240	addons.xpi	DEBUG	getModTime: Recursive scan of {972ce4c6-7e08-4474-a285-3208198ce6fd}
1507791570241	DeferredSave.extensions.json	DEBUG	Save changes
1507791570241	addons.xpi	DEBUG	Updating database with changes to installed add-ons
1507791570241	addons.xpi-utils	DEBUG	Updating add-on states
1507791570243	addons.xpi-utils	DEBUG	Writing add-ons list
1507791570257	addons.manager	DEBUG	Registering shutdown blocker for XPIProvider
1507791570257	addons.manager	DEBUG	Provider finished startup: XPIProvider
1507791570257	addons.manager	DEBUG	Starting provider: LightweightThemeManager
1507791570257	addons.manager	DEBUG	Registering shutdown blocker for LightweightThemeManager
1507791570260	addons.manager	DEBUG	Provider finished startup: LightweightThemeManager
1507791570260	addons.manager	DEBUG	Starting provider: GMPProvider
1507791570271	addons.manager	DEBUG	Registering shutdown blocker for GMPProvider
1507791570271	addons.manager	DEBUG	Provider finished startup: GMPProvider
1507791570271	addons.manager	DEBUG	Starting provider: PluginProvider
1507791570271	addons.manager	DEBUG	Registering shutdown blocker for PluginProvider
1507791570272	addons.manager	DEBUG	Provider finished startup: PluginProvider
1507791570272	addons.manager	DEBUG	Completed startup sequence
[GFX1]: Potential driver version mismatch ignored due to missing DLLs 0.0.0.0 and 0.0.0.0
1507791571574	DeferredSave.extensions.json	DEBUG	Starting write
1507791571843	addons.repository	DEBUG	No addons.json found.
1507791571844	DeferredSave.addons.json	DEBUG	Save changes
1507791571848	DeferredSave.addons.json	DEBUG	Starting timer
1507791571871	addons.manager	DEBUG	Starting provider: PreviousExperimentProvider
1507791571871	addons.manager	DEBUG	Registering shutdown blocker for PreviousExperimentProvider
1507791571872	addons.manager	DEBUG	Provider finished startup: PreviousExperimentProvider
1507791571876	DeferredSave.extensions.json	DEBUG	Write succeeded
1507791571876	addons.xpi-utils	DEBUG	XPI Database saved, setting schema version preference to 17
1507791571904	DeferredSave.addons.json	DEBUG	Starting write
1507791571975	DeferredSave.addons.json	DEBUG	Write succeeded
JavaScript error: chrome://fxdriver/content/server.js, line 61: uncaught exception: [object Object]
JavaScript error: chrome://fxdriver/content/server.js, line 61: NS_ERROR_XPC_CI_RETURNED_FAILURE: Component returned failure code: 0x80570015 (NS_ERROR_XPC_CI_RETURNED_FAILURE) [nsIJSCID.createInstance]
1507791573547	addons.manager	DEBUG	Starting provider: <unnamed-provider>
1507791573547	addons.manager	DEBUG	Registering shutdown blocker for <unnamed-provider>
1507791573548	addons.manager	DEBUG	Provider finished startup: <unnamed-provider>
1507791589618	addons.manager	DEBUG	shutdown
1507791589619	addons.manager	DEBUG	Calling shutdown blocker for XPIProvider
1507791589619	addons.xpi	DEBUG	shutdown
1507791589619	addons.xpi-utils	DEBUG	shutdown
1507791589620	addons.manager	DEBUG	Calling shutdown blocker for LightweightThemeManager
1507791589621	addons.manager	DEBUG	Calling shutdown blocker for GMPProvider
1507791589624	addons.manager	DEBUG	Calling shutdown blocker for PluginProvider
1507791589627	addons.manager	DEBUG	Calling shutdown blocker for PreviousExperimentProvider
1507791589627	addons.manager	DEBUG	Calling shutdown blocker for <unnamed-provider>
1507791589631	addons.xpi	DEBUG	Notifying XPI shutdown observers
1507791589638	addons.manager	DEBUG	Async provider shutdown done

	at org.openqa.selenium.firefox.internal.NewProfileExtensionConnection.start(NewProfileExtensionConnection.java:113)
	... 29 more
... Removed 18 stack frames]]>
    </failure>
  </testcase> <!-- @BeforeMethod getDriver -->
  <testcase name="@AfterMethod closeDriver" time="0.0" classname="com.usgbc.dev.regression.UsgbcCoreTest">
    <skipped/>
  </testcase> <!-- @AfterMethod closeDriver -->
  <testcase name="@BeforeMethod getDriver" time="0.0" classname="com.usgbc.dev.regression.LoggedUserTest">
    <skipped/>
  </testcase> <!-- @BeforeMethod getDriver -->
  <testcase name="@AfterMethod closeDriver" time="0.0" classname="com.usgbc.dev.regression.LoggedUserTest">
    <skipped/>
  </testcase> <!-- @AfterMethod closeDriver -->
  <testcase name="@BeforeMethod getDriver" time="0.0" classname="com.usgbc.dev.regression.ErrorMessageCommRegTest">
    <skipped/>
  </testcase> <!-- @BeforeMethod getDriver -->
  <testcase name="@AfterMethod closeDriver" time="0.0" classname="com.usgbc.dev.regression.ErrorMessageCommRegTest">
    <skipped/>
  </testcase> <!-- @AfterMethod closeDriver -->
  <testcase name="@BeforeMethod getDriver" time="0.0" classname="com.usgbc.dev.regression.ErrorMessageCommRegTest">
    <skipped/>
  </testcase> <!-- @BeforeMethod getDriver -->
  <testcase name="@AfterMethod closeDriver" time="0.0" classname="com.usgbc.dev.regression.ErrorMessageCommRegTest">
    <skipped/>
  </testcase> <!-- @AfterMethod closeDriver -->
  <testcase name="@BeforeMethod getDriver" time="0.0" classname="com.usgbc.dev.regression.ErrorMessageCommRegTest">
    <skipped/>
  </testcase> <!-- @BeforeMethod getDriver -->
  <testcase name="@AfterMethod closeDriver" time="0.0" classname="com.usgbc.dev.regression.ErrorMessageCommRegTest">
    <skipped/>
  </testcase> <!-- @AfterMethod closeDriver -->
  <testcase name="@BeforeMethod getDriver" time="0.0" classname="com.usgbc.dev.regression.UsgbcStoreTest">
    <skipped/>
  </testcase> <!-- @BeforeMethod getDriver -->
  <testcase name="@AfterMethod closeDriver" time="0.0" classname="com.usgbc.dev.regression.UsgbcStoreTest">
    <skipped/>
  </testcase> <!-- @AfterMethod closeDriver -->
  <testcase name="@BeforeMethod getDriver" time="0.0" classname="com.usgbc.dev.regression.UsgbcStoreTest">
    <skipped/>
  </testcase> <!-- @BeforeMethod getDriver -->
  <testcase name="@AfterMethod closeDriver" time="0.0" classname="com.usgbc.dev.regression.UsgbcStoreTest">
    <skipped/>
  </testcase> <!-- @AfterMethod closeDriver -->
  <testcase name="@BeforeMethod getDriver" time="0.0" classname="com.usgbc.dev.regression.StoreTest">
    <skipped/>
  </testcase> <!-- @BeforeMethod getDriver -->
  <testcase name="@AfterMethod closeDriver" time="0.0" classname="com.usgbc.dev.regression.StoreTest">
    <skipped/>
  </testcase> <!-- @AfterMethod closeDriver -->
  <testcase name="testCommunityRegistration" time="533.989" classname="com.usgbc.dev.regression.CommunityRegistrationTest">
    <failure type="org.openqa.selenium.remote.UnreachableBrowserException" message="Error communicating with the remote browser. It may have died.
Build info: version: &amp;apos;2.53.1&amp;apos;, revision: &amp;apos;a36b8b1cd5757287168e54b817830adce9b0158d&amp;apos;, time: &amp;apos;2016-06-30 19:26:09&amp;apos;
System info: host: &amp;apos;G10GGNLT049&amp;apos;, ip: &amp;apos;192.168.56.1&amp;apos;, os.name: &amp;apos;Windows 10&amp;apos;, os.arch: &amp;apos;amd64&amp;apos;, os.version: &amp;apos;10.0&amp;apos;, java.version: &amp;apos;1.8.0_131&amp;apos;
Driver info: driver.version: RemoteWebDriver
Capabilities [{applicationCacheEnabled=true, rotatable=false, handlesAlerts=true, databaseEnabled=true, version=47.0.1, platform=WINDOWS, nativeEvents=false, acceptSslCerts=true, webStorageEnabled=true, locationContextEnabled=true, browserName=firefox, takesScreenshot=true, javascriptEnabled=true, cssSelectorsEnabled=true}]
Session ID: 13619902-ab4e-4f59-9115-be4dd25f7ac1">
      <![CDATA[org.openqa.selenium.remote.UnreachableBrowserException: Error communicating with the remote browser. It may have died.
Build info: version: '2.53.1', revision: 'a36b8b1cd5757287168e54b817830adce9b0158d', time: '2016-06-30 19:26:09'
System info: host: 'G10GGNLT049', ip: '192.168.56.1', os.name: 'Windows 10', os.arch: 'amd64', os.version: '10.0', java.version: '1.8.0_131'
Driver info: driver.version: RemoteWebDriver
Capabilities [{applicationCacheEnabled=true, rotatable=false, handlesAlerts=true, databaseEnabled=true, version=47.0.1, platform=WINDOWS, nativeEvents=false, acceptSslCerts=true, webStorageEnabled=true, locationContextEnabled=true, browserName=firefox, takesScreenshot=true, javascriptEnabled=true, cssSelectorsEnabled=true}]
Session ID: 13619902-ab4e-4f59-9115-be4dd25f7ac1
	at org.openqa.selenium.remote.RemoteWebDriver.execute(RemoteWebDriver.java:665)
	at org.openqa.selenium.remote.RemoteWebElement.execute(RemoteWebElement.java:327)
	at org.openqa.selenium.remote.RemoteWebElement.getAttribute(RemoteWebElement.java:150)
	at com.usgbc.utility.BrokenLink.BrokenLinkCheck(BrokenLink.java:23)
	at com.usgbc.dev.regression.CommunityRegistrationTest.testCommunityRegistration(CommunityRegistrationTest.java:20)
	at java.util.concurrent.FutureTask.run(FutureTask.java:266)
	at java.util.concurrent.ThreadPoolExecutor.runWorker(ThreadPoolExecutor.java:1142)
	at java.util.concurrent.ThreadPoolExecutor$Worker.run(ThreadPoolExecutor.java:617)
	at java.lang.Thread.run(Thread.java:748)
Caused by: org.apache.http.conn.HttpHostConnectException: Connect to 127.0.0.1:7057 [/127.0.0.1] failed: Connection refused: connect
	at org.apache.http.impl.conn.DefaultHttpClientConnectionOperator.connect(DefaultHttpClientConnectionOperator.java:151)
	at org.apache.http.impl.conn.PoolingHttpClientConnectionManager.connect(PoolingHttpClientConnectionManager.java:353)
	at org.apache.http.impl.execchain.MainClientExec.establishRoute(MainClientExec.java:380)
	at org.apache.http.impl.execchain.MainClientExec.execute(MainClientExec.java:236)
	at org.apache.http.impl.execchain.ProtocolExec.execute(ProtocolExec.java:184)
	at org.apache.http.impl.execchain.RetryExec.execute(RetryExec.java:88)
	at org.apache.http.impl.execchain.RedirectExec.execute(RedirectExec.java:110)
	at org.apache.http.impl.client.InternalHttpClient.doExecute(InternalHttpClient.java:184)
	at org.apache.http.impl.client.CloseableHttpClient.execute(CloseableHttpClient.java:71)
	at org.apache.http.impl.client.CloseableHttpClient.execute(CloseableHttpClient.java:55)
	at org.openqa.selenium.remote.internal.ApacheHttpClient.fallBackExecute(ApacheHttpClient.java:144)
	at org.openqa.selenium.remote.internal.ApacheHttpClient.execute(ApacheHttpClient.java:90)
	at org.openqa.selenium.remote.HttpCommandExecutor.execute(HttpCommandExecutor.java:142)
	at org.openqa.selenium.firefox.internal.NewProfileExtensionConnection.execute(NewProfileExtensionConnection.java:160)
	at org.openqa.selenium.firefox.FirefoxDriver$LazyCommandExecutor.execute(FirefoxDriver.java:380)
	at org.openqa.selenium.remote.RemoteWebDriver.execute(RemoteWebDriver.java:644)
	... 24 more
Caused by: java.net.ConnectException: Connection refused: connect
	at java.net.DualStackPlainSocketImpl.waitForConnect(Native Method)
	at java.net.DualStackPlainSocketImpl.socketConnect(DualStackPlainSocketImpl.java:85)
	at java.net.AbstractPlainSocketImpl.doConnect(AbstractPlainSocketImpl.java:350)
	at java.net.AbstractPlainSocketImpl.connectToAddress(AbstractPlainSocketImpl.java:206)
	at java.net.AbstractPlainSocketImpl.connect(AbstractPlainSocketImpl.java:188)
	at java.net.PlainSocketImpl.connect(PlainSocketImpl.java:172)
	at java.net.SocksSocketImpl.connect(SocksSocketImpl.java:392)
	at java.net.Socket.connect(Socket.java:589)
	at org.apache.http.conn.socket.PlainConnectionSocketFactory.connectSocket(PlainConnectionSocketFactory.java:74)
	at org.apache.http.impl.conn.DefaultHttpClientConnectionOperator.connect(DefaultHttpClientConnectionOperator.java:134)
	... 39 more
... Removed 16 stack frames]]>
    </failure>
  </testcase> <!-- testCommunityRegistration -->
  <testcase name="testCommunityRegistrationCountryField" time="0.001" classname="com.usgbc.dev.regression.CommunityRegistrationCountryFieldTest"/>
  <testcase name="testUsgbcCore" time="0.0" classname="com.usgbc.dev.regression.UsgbcCoreTest">
    <skipped/>
  </testcase> <!-- testUsgbcCore -->
  <testcase name="testLoggedUser" time="0.0" classname="com.usgbc.dev.regression.LoggedUserTest">
    <skipped/>
  </testcase> <!-- testLoggedUser -->
  <testcase name="testErrorMessagesCommReg" time="0.0" classname="com.usgbc.dev.regression.ErrorMessageCommRegTest">
    <skipped/>
  </testcase> <!-- testErrorMessagesCommReg -->
  <testcase name="testErrorMessagesCommRegCondition2" time="0.0" classname="com.usgbc.dev.regression.ErrorMessageCommRegTest">
    <skipped/>
  </testcase> <!-- testErrorMessagesCommRegCondition2 -->
  <testcase name="testErrorMessagesCommRegCondition3" time="0.0" classname="com.usgbc.dev.regression.ErrorMessageCommRegTest">
    <skipped/>
  </testcase> <!-- testErrorMessagesCommRegCondition3 -->
  <testcase name="testUsgbcStore" time="0.0" classname="com.usgbc.dev.regression.UsgbcStoreTest">
    <skipped/>
  </testcase> <!-- testUsgbcStore -->
  <testcase name="testUsgbcStore2" time="0.0" classname="com.usgbc.dev.regression.UsgbcStoreTest">
    <skipped/>
  </testcase> <!-- testUsgbcStore2 -->
  <testcase name="testStore" time="0.0" classname="com.usgbc.dev.regression.StoreTest">
    <skipped/>
  </testcase> <!-- testStore -->
</testsuite> <!-- EdgeTest -->
