<?xml version="1.0" encoding="UTF-8"?>
<testng-results skipped="0" failed="3" total="12" passed="9">
  <reporter-output>
  </reporter-output>
  <suite name="Suite" duration-ms="750866" started-at="2017-10-13T13:07:44Z" finished-at="2017-10-13T13:20:15Z">
    <groups>
    </groups>
    <test name="Test" duration-ms="750866" started-at="2017-10-13T13:07:44Z" finished-at="2017-10-13T13:20:15Z">
      <class name="com.usgbc.dev.regression.StoreTest">
        <test-method status="PASS" signature="getDriver()[pri:0, instance:com.usgbc.dev.regression.StoreTest@52af6cff]" name="getDriver" is-config="true" duration-ms="7336" started-at="2017-10-13T18:49:16Z" finished-at="2017-10-13T18:49:23Z">
          <reporter-output>
          </reporter-output>
        </test-method> <!-- getDriver -->
        <test-method status="PASS" signature="testStore()[pri:0, instance:com.usgbc.dev.regression.StoreTest@52af6cff]" name="testStore" duration-ms="50405" started-at="2017-10-13T18:49:23Z" finished-at="2017-10-13T18:50:14Z">
          <reporter-output>
          </reporter-output>
        </test-method> <!-- testStore -->
        <test-method status="PASS" signature="closeDriver(org.testng.ITestResult)[pri:0, instance:com.usgbc.dev.regression.StoreTest@52af6cff]" name="closeDriver" is-config="true" duration-ms="880" started-at="2017-10-13T18:50:14Z" finished-at="2017-10-13T18:50:15Z">
          <params>
            <param index="0">
              <value>
                <![CDATA[[TestResult name=testStore status=SUCCESS method=StoreTest.testStore()[pri:0, instance:com.usgbc.dev.regression.StoreTest@52af6cff] output={null}]]]>
              </value>
            </param>
          </params>
          <reporter-output>
          </reporter-output>
        </test-method> <!-- closeDriver -->
      </class> <!-- com.usgbc.dev.regression.StoreTest -->
      <class name="com.usgbc.dev.regression.LoggedUserTest">
        <test-method status="PASS" signature="getDriver()[pri:0, instance:com.usgbc.dev.regression.LoggedUserTest@5a61f5df]" name="getDriver" is-config="true" duration-ms="9527" started-at="2017-10-13T18:41:09Z" finished-at="2017-10-13T18:41:19Z">
          <reporter-output>
          </reporter-output>
        </test-method> <!-- getDriver -->
        <test-method status="PASS" signature="testLoggedUser()[pri:0, instance:com.usgbc.dev.regression.LoggedUserTest@5a61f5df]" name="testLoggedUser" duration-ms="7679" started-at="2017-10-13T18:41:19Z" finished-at="2017-10-13T18:41:27Z">
          <reporter-output>
          </reporter-output>
        </test-method> <!-- testLoggedUser -->
        <test-method status="PASS" signature="closeDriver(org.testng.ITestResult)[pri:0, instance:com.usgbc.dev.regression.LoggedUserTest@5a61f5df]" name="closeDriver" is-config="true" duration-ms="865" started-at="2017-10-13T18:41:27Z" finished-at="2017-10-13T18:41:27Z">
          <params>
            <param index="0">
              <value>
                <![CDATA[[TestResult name=testLoggedUser status=SUCCESS method=LoggedUserTest.testLoggedUser()[pri:0, instance:com.usgbc.dev.regression.LoggedUserTest@5a61f5df] output={null}]]]>
              </value>
            </param>
          </params>
          <reporter-output>
          </reporter-output>
        </test-method> <!-- closeDriver -->
        <test-method status="PASS" signature="getDriver()[pri:0, instance:com.usgbc.dev.regression.LoggedUserTest@5a61f5df]" name="getDriver" is-config="true" duration-ms="48208" started-at="2017-10-13T18:41:27Z" finished-at="2017-10-13T18:42:16Z">
          <reporter-output>
          </reporter-output>
        </test-method> <!-- getDriver -->
        <test-method status="FAIL" signature="testLoggedUser2()[pri:0, instance:com.usgbc.dev.regression.LoggedUserTest@5a61f5df]" name="testLoggedUser2" duration-ms="13211" started-at="2017-10-13T18:42:16Z" finished-at="2017-10-13T18:42:29Z">
          <exception class="java.lang.Error">
            <message>
              <![CDATA[Unable to locate element: {"method":"id","selector":"edit-existinguser-usernamae"}
Command duration or timeout: 16 milliseconds
For documentation on this error, please visit: http://seleniumhq.org/exceptions/no_such_element.html
Build info: version: '2.53.1', revision: 'a36b8b1cd5757287168e54b817830adce9b0158d', time: '2016-06-30 19:26:09'
System info: host: 'G10GGNLT049', ip: '192.168.56.1', os.name: 'Windows 10', os.arch: 'amd64', os.version: '10.0', java.version: '1.8.0_131'
Driver info: org.openqa.selenium.firefox.FirefoxDriver
Capabilities [{applicationCacheEnabled=true, rotatable=false, handlesAlerts=true, databaseEnabled=true, version=47.0.1, platform=WINDOWS, nativeEvents=false, acceptSslCerts=true, webStorageEnabled=true, locationContextEnabled=true, browserName=firefox, takesScreenshot=true, javascriptEnabled=true, cssSelectorsEnabled=true}]
Session ID: 44e2f87f-31b3-4e27-86c3-717fa731f884
*** Element info: {Using=id, value=edit-existinguser-usernamae}]]>
            </message>
            <full-stacktrace>
              <![CDATA[java.lang.Error: Unable to locate element: {"method":"id","selector":"edit-existinguser-usernamae"}
Command duration or timeout: 16 milliseconds
For documentation on this error, please visit: http://seleniumhq.org/exceptions/no_such_element.html
Build info: version: '2.53.1', revision: 'a36b8b1cd5757287168e54b817830adce9b0158d', time: '2016-06-30 19:26:09'
System info: host: 'G10GGNLT049', ip: '192.168.56.1', os.name: 'Windows 10', os.arch: 'amd64', os.version: '10.0', java.version: '1.8.0_131'
Driver info: org.openqa.selenium.firefox.FirefoxDriver
Capabilities [{applicationCacheEnabled=true, rotatable=false, handlesAlerts=true, databaseEnabled=true, version=47.0.1, platform=WINDOWS, nativeEvents=false, acceptSslCerts=true, webStorageEnabled=true, locationContextEnabled=true, browserName=firefox, takesScreenshot=true, javascriptEnabled=true, cssSelectorsEnabled=true}]
Session ID: 44e2f87f-31b3-4e27-86c3-717fa731f884
*** Element info: {Using=id, value=edit-existinguser-usernamae}
	at sun.reflect.NativeConstructorAccessorImpl.newInstance0(Native Method)
	at sun.reflect.NativeConstructorAccessorImpl.newInstance(NativeConstructorAccessorImpl.java:62)
	at sun.reflect.DelegatingConstructorAccessorImpl.newInstance(DelegatingConstructorAccessorImpl.java:45)
	at java.lang.reflect.Constructor.newInstance(Constructor.java:423)
	at org.openqa.selenium.remote.ErrorHandler.createThrowable(ErrorHandler.java:206)
	at org.openqa.selenium.remote.ErrorHandler.throwIfResponseFailed(ErrorHandler.java:158)
	at org.openqa.selenium.remote.RemoteWebDriver.execute(RemoteWebDriver.java:678)
	at org.openqa.selenium.remote.RemoteWebDriver.findElement(RemoteWebDriver.java:363)
	at org.openqa.selenium.remote.RemoteWebDriver.findElementById(RemoteWebDriver.java:413)
	at org.openqa.selenium.By$ById.findElement(By.java:218)
	at org.openqa.selenium.remote.RemoteWebDriver.findElement(RemoteWebDriver.java:355)
	at org.openqa.selenium.support.pagefactory.DefaultElementLocator.findElement(DefaultElementLocator.java:69)
	at org.openqa.selenium.support.pagefactory.internal.LocatingElementHandler.invoke(LocatingElementHandler.java:38)
	at com.sun.proxy.$Proxy5.click(Unknown Source)
	at com.usgbc.dev.page.UsgbcWebLocators.signin_usgbc(UsgbcWebLocators.java:174)
	at com.usgbc.dev.business.LoggedUser.signInForm(LoggedUser.java:39)
	at com.usgbc.dev.business.LoggedUser.loggedUserVerification2(LoggedUser.java:47)
	at com.usgbc.dev.regression.LoggedUserTest.testLoggedUser2(LoggedUserTest.java:47)
	at sun.reflect.NativeMethodAccessorImpl.invoke0(Native Method)
	at sun.reflect.NativeMethodAccessorImpl.invoke(NativeMethodAccessorImpl.java:62)
	at sun.reflect.DelegatingMethodAccessorImpl.invoke(DelegatingMethodAccessorImpl.java:43)
	at java.lang.reflect.Method.invoke(Method.java:498)
	at org.testng.internal.MethodInvocationHelper.invokeMethod(MethodInvocationHelper.java:85)
	at org.testng.internal.Invoker.invokeMethod(Invoker.java:639)
	at org.testng.internal.Invoker.invokeTestMethod(Invoker.java:816)
	at org.testng.internal.Invoker.invokeTestMethods(Invoker.java:1124)
	at org.testng.internal.TestMethodWorker.invokeTestMethods(TestMethodWorker.java:125)
	at org.testng.internal.TestMethodWorker.run(TestMethodWorker.java:108)
	at org.testng.TestRunner.privateRun(TestRunner.java:774)
	at org.testng.TestRunner.run(TestRunner.java:624)
	at org.testng.SuiteRunner.runTest(SuiteRunner.java:359)
	at org.testng.SuiteRunner.runSequentially(SuiteRunner.java:354)
	at org.testng.SuiteRunner.privateRun(SuiteRunner.java:312)
	at org.testng.SuiteRunner.run(SuiteRunner.java:261)
	at org.testng.SuiteRunnerWorker.runSuite(SuiteRunnerWorker.java:52)
	at org.testng.SuiteRunnerWorker.run(SuiteRunnerWorker.java:86)
	at org.testng.TestNG.runSuitesSequentially(TestNG.java:1191)
	at org.testng.TestNG.runSuitesLocally(TestNG.java:1116)
	at org.testng.TestNG.run(TestNG.java:1024)
	at org.apache.maven.surefire.testng.TestNGExecutor.run(TestNGExecutor.java:178)
	at org.apache.maven.surefire.testng.TestNGXmlTestSuite.execute(TestNGXmlTestSuite.java:92)
	at org.apache.maven.surefire.testng.TestNGProvider.invoke(TestNGProvider.java:96)
	at sun.reflect.NativeMethodAccessorImpl.invoke0(Native Method)
	at sun.reflect.NativeMethodAccessorImpl.invoke(NativeMethodAccessorImpl.java:62)
	at sun.reflect.DelegatingMethodAccessorImpl.invoke(DelegatingMethodAccessorImpl.java:43)
	at java.lang.reflect.Method.invoke(Method.java:498)
	at org.apache.maven.surefire.util.ReflectionUtils.invokeMethodWithArray(ReflectionUtils.java:189)
	at org.apache.maven.surefire.booter.ProviderFactory$ProviderProxy.invoke(ProviderFactory.java:165)
	at org.apache.maven.surefire.booter.ProviderFactory.invokeProvider(ProviderFactory.java:85)
	at org.apache.maven.surefire.booter.ForkedBooter.runSuitesInProcess(ForkedBooter.java:113)
	at org.apache.maven.surefire.booter.ForkedBooter.main(ForkedBooter.java:75)
]]>
            </full-stacktrace>
          </exception> <!-- java.lang.Error -->
          <reporter-output>
          </reporter-output>
        </test-method> <!-- testLoggedUser2 -->
        <test-method status="PASS" signature="closeDriver(org.testng.ITestResult)[pri:0, instance:com.usgbc.dev.regression.LoggedUserTest@5a61f5df]" name="closeDriver" is-config="true" duration-ms="675" started-at="2017-10-13T18:42:29Z" finished-at="2017-10-13T18:42:30Z">
          <params>
            <param index="0">
              <value>
                <![CDATA[[TestResult name=testLoggedUser2 status=FAILURE method=LoggedUserTest.testLoggedUser2()[pri:0, instance:com.usgbc.dev.regression.LoggedUserTest@5a61f5df] output={null}]]]>
              </value>
            </param>
          </params>
          <reporter-output>
          </reporter-output>
        </test-method> <!-- closeDriver -->
      </class> <!-- com.usgbc.dev.regression.LoggedUserTest -->
      <class name="com.usgbc.dev.regression.CommunityRegistrationCountryFieldTest">
        <test-method status="PASS" signature="getDriver()[pri:0, instance:com.usgbc.dev.regression.CommunityRegistrationCountryFieldTest@54a097cc]" name="getDriver" is-config="true" duration-ms="6162" started-at="2017-10-13T18:40:02Z" finished-at="2017-10-13T18:40:08Z">
          <reporter-output>
          </reporter-output>
        </test-method> <!-- getDriver -->
        <test-method status="PASS" signature="testCommunityRegistrationCountryField()[pri:0, instance:com.usgbc.dev.regression.CommunityRegistrationCountryFieldTest@54a097cc]" name="testCommunityRegistrationCountryField" duration-ms="0" started-at="2017-10-13T18:40:08Z" finished-at="2017-10-13T18:40:08Z">
          <reporter-output>
          </reporter-output>
        </test-method> <!-- testCommunityRegistrationCountryField -->
        <test-method status="PASS" signature="closeDriver(org.testng.ITestResult)[pri:0, instance:com.usgbc.dev.regression.CommunityRegistrationCountryFieldTest@54a097cc]" name="closeDriver" is-config="true" duration-ms="1439" started-at="2017-10-13T18:40:08Z" finished-at="2017-10-13T18:40:09Z">
          <params>
            <param index="0">
              <value>
                <![CDATA[[TestResult name=testCommunityRegistrationCountryField status=SUCCESS method=CommunityRegistrationCountryFieldTest.testCommunityRegistrationCountryField()[pri:0, instance:com.usgbc.dev.regression.CommunityRegistrationCountryFieldTest@54a097cc] output={null}]]]>
              </value>
            </param>
          </params>
          <reporter-output>
          </reporter-output>
        </test-method> <!-- closeDriver -->
      </class> <!-- com.usgbc.dev.regression.CommunityRegistrationCountryFieldTest -->
      <class name="com.usgbc.dev.regression.UsgbcStoreTest">
        <test-method status="PASS" signature="getDriver()[pri:0, instance:com.usgbc.dev.regression.UsgbcStoreTest@531be3c5]" name="getDriver" is-config="true" duration-ms="5038" started-at="2017-10-13T18:43:35Z" finished-at="2017-10-13T18:43:40Z">
          <reporter-output>
          </reporter-output>
        </test-method> <!-- getDriver -->
        <test-method status="PASS" signature="testUsgbcStore()[pri:0, instance:com.usgbc.dev.regression.UsgbcStoreTest@531be3c5]" name="testUsgbcStore" duration-ms="64919" started-at="2017-10-13T18:43:40Z" finished-at="2017-10-13T18:44:45Z">
          <reporter-output>
          </reporter-output>
        </test-method> <!-- testUsgbcStore -->
        <test-method status="PASS" signature="closeDriver(org.testng.ITestResult)[pri:0, instance:com.usgbc.dev.regression.UsgbcStoreTest@531be3c5]" name="closeDriver" is-config="true" duration-ms="1124" started-at="2017-10-13T18:44:45Z" finished-at="2017-10-13T18:44:46Z">
          <params>
            <param index="0">
              <value>
                <![CDATA[[TestResult name=testUsgbcStore status=SUCCESS method=UsgbcStoreTest.testUsgbcStore()[pri:0, instance:com.usgbc.dev.regression.UsgbcStoreTest@531be3c5] output={null}]]]>
              </value>
            </param>
          </params>
          <reporter-output>
          </reporter-output>
        </test-method> <!-- closeDriver -->
        <test-method status="PASS" signature="getDriver()[pri:0, instance:com.usgbc.dev.regression.UsgbcStoreTest@531be3c5]" name="getDriver" is-config="true" duration-ms="6780" started-at="2017-10-13T18:44:46Z" finished-at="2017-10-13T18:44:53Z">
          <reporter-output>
          </reporter-output>
        </test-method> <!-- getDriver -->
        <test-method status="FAIL" signature="testUsgbcStore2()[pri:0, instance:com.usgbc.dev.regression.UsgbcStoreTest@531be3c5]" name="testUsgbcStore2" duration-ms="126040" started-at="2017-10-13T18:44:53Z" finished-at="2017-10-13T18:46:59Z">
          <exception class="java.lang.Error">
            <message>
              <![CDATA[expected [true] but found [false]]]>
            </message>
            <full-stacktrace>
              <![CDATA[java.lang.Error: expected [true] but found [false]
	at org.testng.Assert.fail(Assert.java:94)
	at org.testng.Assert.failNotEquals(Assert.java:496)
	at org.testng.Assert.assertTrue(Assert.java:42)
	at org.testng.Assert.assertTrue(Assert.java:52)
	at com.usgbc.dev.business.UsgbcStore.receiptdownload(UsgbcStore.java:84)
	at com.usgbc.dev.business.UsgbcStore.contactPaymentReceipt(UsgbcStore.java:139)
	at com.usgbc.dev.business.UsgbcStore.UsgbcStoreModule2(UsgbcStore.java:153)
	at com.usgbc.dev.regression.UsgbcStoreTest.testUsgbcStore2(UsgbcStoreTest.java:45)
	at sun.reflect.NativeMethodAccessorImpl.invoke0(Native Method)
	at sun.reflect.NativeMethodAccessorImpl.invoke(NativeMethodAccessorImpl.java:62)
	at sun.reflect.DelegatingMethodAccessorImpl.invoke(DelegatingMethodAccessorImpl.java:43)
	at java.lang.reflect.Method.invoke(Method.java:498)
	at org.testng.internal.MethodInvocationHelper.invokeMethod(MethodInvocationHelper.java:85)
	at org.testng.internal.Invoker.invokeMethod(Invoker.java:639)
	at org.testng.internal.Invoker.invokeTestMethod(Invoker.java:816)
	at org.testng.internal.Invoker.invokeTestMethods(Invoker.java:1124)
	at org.testng.internal.TestMethodWorker.invokeTestMethods(TestMethodWorker.java:125)
	at org.testng.internal.TestMethodWorker.run(TestMethodWorker.java:108)
	at org.testng.TestRunner.privateRun(TestRunner.java:774)
	at org.testng.TestRunner.run(TestRunner.java:624)
	at org.testng.SuiteRunner.runTest(SuiteRunner.java:359)
	at org.testng.SuiteRunner.runSequentially(SuiteRunner.java:354)
	at org.testng.SuiteRunner.privateRun(SuiteRunner.java:312)
	at org.testng.SuiteRunner.run(SuiteRunner.java:261)
	at org.testng.SuiteRunnerWorker.runSuite(SuiteRunnerWorker.java:52)
	at org.testng.SuiteRunnerWorker.run(SuiteRunnerWorker.java:86)
	at org.testng.TestNG.runSuitesSequentially(TestNG.java:1191)
	at org.testng.TestNG.runSuitesLocally(TestNG.java:1116)
	at org.testng.TestNG.run(TestNG.java:1024)
	at org.apache.maven.surefire.testng.TestNGExecutor.run(TestNGExecutor.java:178)
	at org.apache.maven.surefire.testng.TestNGXmlTestSuite.execute(TestNGXmlTestSuite.java:92)
	at org.apache.maven.surefire.testng.TestNGProvider.invoke(TestNGProvider.java:96)
	at sun.reflect.NativeMethodAccessorImpl.invoke0(Native Method)
	at sun.reflect.NativeMethodAccessorImpl.invoke(NativeMethodAccessorImpl.java:62)
	at sun.reflect.DelegatingMethodAccessorImpl.invoke(DelegatingMethodAccessorImpl.java:43)
	at java.lang.reflect.Method.invoke(Method.java:498)
	at org.apache.maven.surefire.util.ReflectionUtils.invokeMethodWithArray(ReflectionUtils.java:189)
	at org.apache.maven.surefire.booter.ProviderFactory$ProviderProxy.invoke(ProviderFactory.java:165)
	at org.apache.maven.surefire.booter.ProviderFactory.invokeProvider(ProviderFactory.java:85)
	at org.apache.maven.surefire.booter.ForkedBooter.runSuitesInProcess(ForkedBooter.java:113)
	at org.apache.maven.surefire.booter.ForkedBooter.main(ForkedBooter.java:75)
]]>
            </full-stacktrace>
          </exception> <!-- java.lang.Error -->
          <reporter-output>
          </reporter-output>
        </test-method> <!-- testUsgbcStore2 -->
        <test-method status="PASS" signature="closeDriver(org.testng.ITestResult)[pri:0, instance:com.usgbc.dev.regression.UsgbcStoreTest@531be3c5]" name="closeDriver" is-config="true" duration-ms="1307" started-at="2017-10-13T18:46:59Z" finished-at="2017-10-13T18:47:00Z">
          <params>
            <param index="0">
              <value>
                <![CDATA[[TestResult name=testUsgbcStore2 status=FAILURE method=UsgbcStoreTest.testUsgbcStore2()[pri:0, instance:com.usgbc.dev.regression.UsgbcStoreTest@531be3c5] output={null}]]]>
              </value>
            </param>
          </params>
          <reporter-output>
          </reporter-output>
        </test-method> <!-- closeDriver -->
        <test-method status="PASS" signature="getDriver()[pri:0, instance:com.usgbc.dev.regression.UsgbcStoreTest@531be3c5]" name="getDriver" is-config="true" duration-ms="6329" started-at="2017-10-13T18:47:00Z" finished-at="2017-10-13T18:47:07Z">
          <reporter-output>
          </reporter-output>
        </test-method> <!-- getDriver -->
        <test-method status="PASS" signature="testUsgbcStore3()[pri:0, instance:com.usgbc.dev.regression.UsgbcStoreTest@531be3c5]" name="testUsgbcStore3" duration-ms="128275" started-at="2017-10-13T18:47:07Z" finished-at="2017-10-13T18:49:15Z">
          <reporter-output>
          </reporter-output>
        </test-method> <!-- testUsgbcStore3 -->
        <test-method status="PASS" signature="closeDriver(org.testng.ITestResult)[pri:0, instance:com.usgbc.dev.regression.UsgbcStoreTest@531be3c5]" name="closeDriver" is-config="true" duration-ms="1177" started-at="2017-10-13T18:49:15Z" finished-at="2017-10-13T18:49:16Z">
          <params>
            <param index="0">
              <value>
                <![CDATA[[TestResult name=testUsgbcStore3 status=SUCCESS method=UsgbcStoreTest.testUsgbcStore3()[pri:0, instance:com.usgbc.dev.regression.UsgbcStoreTest@531be3c5] output={null}]]]>
              </value>
            </param>
          </params>
          <reporter-output>
          </reporter-output>
        </test-method> <!-- closeDriver -->
      </class> <!-- com.usgbc.dev.regression.UsgbcStoreTest -->
      <class name="com.usgbc.dev.regression.CommunityRegistrationTest">
        <test-method status="PASS" signature="getDriver()[pri:0, instance:com.usgbc.dev.regression.CommunityRegistrationTest@7225790e]" name="getDriver" is-config="true" duration-ms="7855" started-at="2017-10-13T18:37:44Z" finished-at="2017-10-13T18:37:52Z">
          <reporter-output>
          </reporter-output>
        </test-method> <!-- getDriver -->
        <test-method status="PASS" signature="testCommunityRegistration()[pri:0, instance:com.usgbc.dev.regression.CommunityRegistrationTest@7225790e]" name="testCommunityRegistration" duration-ms="127615" started-at="2017-10-13T18:37:52Z" finished-at="2017-10-13T18:39:59Z">
          <reporter-output>
          </reporter-output>
        </test-method> <!-- testCommunityRegistration -->
        <test-method status="PASS" signature="closeDriver(org.testng.ITestResult)[pri:0, instance:com.usgbc.dev.regression.CommunityRegistrationTest@7225790e]" name="closeDriver" is-config="true" duration-ms="2394" started-at="2017-10-13T18:39:59Z" finished-at="2017-10-13T18:40:02Z">
          <params>
            <param index="0">
              <value>
                <![CDATA[[TestResult name=testCommunityRegistration status=SUCCESS method=CommunityRegistrationTest.testCommunityRegistration()[pri:0, instance:com.usgbc.dev.regression.CommunityRegistrationTest@7225790e] output={null}]]]>
              </value>
            </param>
          </params>
          <reporter-output>
          </reporter-output>
        </test-method> <!-- closeDriver -->
      </class> <!-- com.usgbc.dev.regression.CommunityRegistrationTest -->
      <class name="com.usgbc.dev.regression.ErrorMessageCommRegTest">
        <test-method status="PASS" signature="getDriver()[pri:0, instance:com.usgbc.dev.regression.ErrorMessageCommRegTest@3551a94]" name="getDriver" is-config="true" duration-ms="6948" started-at="2017-10-13T18:42:30Z" finished-at="2017-10-13T18:42:36Z">
          <reporter-output>
          </reporter-output>
        </test-method> <!-- getDriver -->
        <test-method status="PASS" signature="testErrorMessagesCommReg()[pri:0, instance:com.usgbc.dev.regression.ErrorMessageCommRegTest@3551a94]" name="testErrorMessagesCommReg" duration-ms="10806" started-at="2017-10-13T18:42:36Z" finished-at="2017-10-13T18:42:47Z">
          <reporter-output>
          </reporter-output>
        </test-method> <!-- testErrorMessagesCommReg -->
        <test-method status="PASS" signature="closeDriver(org.testng.ITestResult)[pri:0, instance:com.usgbc.dev.regression.ErrorMessageCommRegTest@3551a94]" name="closeDriver" is-config="true" duration-ms="1009" started-at="2017-10-13T18:42:47Z" finished-at="2017-10-13T18:42:48Z">
          <params>
            <param index="0">
              <value>
                <![CDATA[[TestResult name=testErrorMessagesCommReg status=SUCCESS method=ErrorMessageCommRegTest.testErrorMessagesCommReg()[pri:0, instance:com.usgbc.dev.regression.ErrorMessageCommRegTest@3551a94] output={null}]]]>
              </value>
            </param>
          </params>
          <reporter-output>
          </reporter-output>
        </test-method> <!-- closeDriver -->
        <test-method status="PASS" signature="getDriver()[pri:0, instance:com.usgbc.dev.regression.ErrorMessageCommRegTest@3551a94]" name="getDriver" is-config="true" duration-ms="5284" started-at="2017-10-13T18:42:48Z" finished-at="2017-10-13T18:42:54Z">
          <reporter-output>
          </reporter-output>
        </test-method> <!-- getDriver -->
        <test-method status="PASS" signature="testErrorMessagesCommRegCondition2()[pri:0, instance:com.usgbc.dev.regression.ErrorMessageCommRegTest@3551a94]" name="testErrorMessagesCommRegCondition2" duration-ms="16678" started-at="2017-10-13T18:42:54Z" finished-at="2017-10-13T18:43:10Z">
          <reporter-output>
          </reporter-output>
        </test-method> <!-- testErrorMessagesCommRegCondition2 -->
        <test-method status="PASS" signature="closeDriver(org.testng.ITestResult)[pri:0, instance:com.usgbc.dev.regression.ErrorMessageCommRegTest@3551a94]" name="closeDriver" is-config="true" duration-ms="875" started-at="2017-10-13T18:43:10Z" finished-at="2017-10-13T18:43:11Z">
          <params>
            <param index="0">
              <value>
                <![CDATA[[TestResult name=testErrorMessagesCommRegCondition2 status=SUCCESS method=ErrorMessageCommRegTest.testErrorMessagesCommRegCondition2()[pri:0, instance:com.usgbc.dev.regression.ErrorMessageCommRegTest@3551a94] output={null}]]]>
              </value>
            </param>
          </params>
          <reporter-output>
          </reporter-output>
        </test-method> <!-- closeDriver -->
        <test-method status="PASS" signature="getDriver()[pri:0, instance:com.usgbc.dev.regression.ErrorMessageCommRegTest@3551a94]" name="getDriver" is-config="true" duration-ms="6058" started-at="2017-10-13T18:43:11Z" finished-at="2017-10-13T18:43:17Z">
          <reporter-output>
          </reporter-output>
        </test-method> <!-- getDriver -->
        <test-method status="PASS" signature="testErrorMessagesCommRegCondition3()[pri:0, instance:com.usgbc.dev.regression.ErrorMessageCommRegTest@3551a94]" name="testErrorMessagesCommRegCondition3" duration-ms="17098" started-at="2017-10-13T18:43:17Z" finished-at="2017-10-13T18:43:34Z">
          <reporter-output>
          </reporter-output>
        </test-method> <!-- testErrorMessagesCommRegCondition3 -->
        <test-method status="PASS" signature="closeDriver(org.testng.ITestResult)[pri:0, instance:com.usgbc.dev.regression.ErrorMessageCommRegTest@3551a94]" name="closeDriver" is-config="true" duration-ms="734" started-at="2017-10-13T18:43:34Z" finished-at="2017-10-13T18:43:35Z">
          <params>
            <param index="0">
              <value>
                <![CDATA[[TestResult name=testErrorMessagesCommRegCondition3 status=SUCCESS method=ErrorMessageCommRegTest.testErrorMessagesCommRegCondition3()[pri:0, instance:com.usgbc.dev.regression.ErrorMessageCommRegTest@3551a94] output={null}]]]>
              </value>
            </param>
          </params>
          <reporter-output>
          </reporter-output>
        </test-method> <!-- closeDriver -->
      </class> <!-- com.usgbc.dev.regression.ErrorMessageCommRegTest -->
      <class name="com.usgbc.dev.regression.UsgbcCoreTest">
        <test-method status="PASS" signature="getDriver()[pri:0, instance:com.usgbc.dev.regression.UsgbcCoreTest@36f6e879]" name="getDriver" is-config="true" duration-ms="5523" started-at="2017-10-13T18:40:09Z" finished-at="2017-10-13T18:40:15Z">
          <reporter-output>
          </reporter-output>
        </test-method> <!-- getDriver -->
        <test-method status="FAIL" signature="testUsgbcCore()[pri:0, instance:com.usgbc.dev.regression.UsgbcCoreTest@36f6e879]" name="testUsgbcCore" duration-ms="53408" started-at="2017-10-13T18:40:15Z" finished-at="2017-10-13T18:41:08Z">
          <exception class="java.lang.Error">
            <message>
              <![CDATA[Unable to locate element: {"method":"id","selector":"edit-existinguser-usernamae"}
Command duration or timeout: 0 milliseconds
For documentation on this error, please visit: http://seleniumhq.org/exceptions/no_such_element.html
Build info: version: '2.53.1', revision: 'a36b8b1cd5757287168e54b817830adce9b0158d', time: '2016-06-30 19:26:09'
System info: host: 'G10GGNLT049', ip: '192.168.56.1', os.name: 'Windows 10', os.arch: 'amd64', os.version: '10.0', java.version: '1.8.0_131'
Driver info: org.openqa.selenium.firefox.FirefoxDriver
Capabilities [{applicationCacheEnabled=true, rotatable=false, handlesAlerts=true, databaseEnabled=true, version=47.0.1, platform=WINDOWS, nativeEvents=false, acceptSslCerts=true, webStorageEnabled=true, locationContextEnabled=true, browserName=firefox, takesScreenshot=true, javascriptEnabled=true, cssSelectorsEnabled=true}]
Session ID: fe1f05ba-9093-43f3-ad51-088d51cd686f
*** Element info: {Using=id, value=edit-existinguser-usernamae}]]>
            </message>
            <full-stacktrace>
              <![CDATA[java.lang.Error: Unable to locate element: {"method":"id","selector":"edit-existinguser-usernamae"}
Command duration or timeout: 0 milliseconds
For documentation on this error, please visit: http://seleniumhq.org/exceptions/no_such_element.html
Build info: version: '2.53.1', revision: 'a36b8b1cd5757287168e54b817830adce9b0158d', time: '2016-06-30 19:26:09'
System info: host: 'G10GGNLT049', ip: '192.168.56.1', os.name: 'Windows 10', os.arch: 'amd64', os.version: '10.0', java.version: '1.8.0_131'
Driver info: org.openqa.selenium.firefox.FirefoxDriver
Capabilities [{applicationCacheEnabled=true, rotatable=false, handlesAlerts=true, databaseEnabled=true, version=47.0.1, platform=WINDOWS, nativeEvents=false, acceptSslCerts=true, webStorageEnabled=true, locationContextEnabled=true, browserName=firefox, takesScreenshot=true, javascriptEnabled=true, cssSelectorsEnabled=true}]
Session ID: fe1f05ba-9093-43f3-ad51-088d51cd686f
*** Element info: {Using=id, value=edit-existinguser-usernamae}
	at sun.reflect.NativeConstructorAccessorImpl.newInstance0(Native Method)
	at sun.reflect.NativeConstructorAccessorImpl.newInstance(NativeConstructorAccessorImpl.java:62)
	at sun.reflect.DelegatingConstructorAccessorImpl.newInstance(DelegatingConstructorAccessorImpl.java:45)
	at java.lang.reflect.Constructor.newInstance(Constructor.java:423)
	at org.openqa.selenium.remote.ErrorHandler.createThrowable(ErrorHandler.java:206)
	at org.openqa.selenium.remote.ErrorHandler.throwIfResponseFailed(ErrorHandler.java:158)
	at org.openqa.selenium.remote.RemoteWebDriver.execute(RemoteWebDriver.java:678)
	at org.openqa.selenium.remote.RemoteWebDriver.findElement(RemoteWebDriver.java:363)
	at org.openqa.selenium.remote.RemoteWebDriver.findElementById(RemoteWebDriver.java:413)
	at org.openqa.selenium.By$ById.findElement(By.java:218)
	at org.openqa.selenium.remote.RemoteWebDriver.findElement(RemoteWebDriver.java:355)
	at org.openqa.selenium.support.pagefactory.DefaultElementLocator.findElement(DefaultElementLocator.java:69)
	at org.openqa.selenium.support.pagefactory.internal.LocatingElementHandler.invoke(LocatingElementHandler.java:38)
	at com.sun.proxy.$Proxy5.click(Unknown Source)
	at com.usgbc.dev.page.UsgbcWebLocators.signin_usgbc(UsgbcWebLocators.java:174)
	at com.usgbc.dev.business.UsgbcCore.signInForm(UsgbcCore.java:24)
	at com.usgbc.dev.business.UsgbcCore.UsgbcCoreForm(UsgbcCore.java:99)
	at com.usgbc.dev.regression.UsgbcCoreTest.testUsgbcCore(UsgbcCoreTest.java:26)
	at sun.reflect.NativeMethodAccessorImpl.invoke0(Native Method)
	at sun.reflect.NativeMethodAccessorImpl.invoke(NativeMethodAccessorImpl.java:62)
	at sun.reflect.DelegatingMethodAccessorImpl.invoke(DelegatingMethodAccessorImpl.java:43)
	at java.lang.reflect.Method.invoke(Method.java:498)
	at org.testng.internal.MethodInvocationHelper.invokeMethod(MethodInvocationHelper.java:85)
	at org.testng.internal.Invoker.invokeMethod(Invoker.java:639)
	at org.testng.internal.Invoker.invokeTestMethod(Invoker.java:816)
	at org.testng.internal.Invoker.invokeTestMethods(Invoker.java:1124)
	at org.testng.internal.TestMethodWorker.invokeTestMethods(TestMethodWorker.java:125)
	at org.testng.internal.TestMethodWorker.run(TestMethodWorker.java:108)
	at org.testng.TestRunner.privateRun(TestRunner.java:774)
	at org.testng.TestRunner.run(TestRunner.java:624)
	at org.testng.SuiteRunner.runTest(SuiteRunner.java:359)
	at org.testng.SuiteRunner.runSequentially(SuiteRunner.java:354)
	at org.testng.SuiteRunner.privateRun(SuiteRunner.java:312)
	at org.testng.SuiteRunner.run(SuiteRunner.java:261)
	at org.testng.SuiteRunnerWorker.runSuite(SuiteRunnerWorker.java:52)
	at org.testng.SuiteRunnerWorker.run(SuiteRunnerWorker.java:86)
	at org.testng.TestNG.runSuitesSequentially(TestNG.java:1191)
	at org.testng.TestNG.runSuitesLocally(TestNG.java:1116)
	at org.testng.TestNG.run(TestNG.java:1024)
	at org.apache.maven.surefire.testng.TestNGExecutor.run(TestNGExecutor.java:178)
	at org.apache.maven.surefire.testng.TestNGXmlTestSuite.execute(TestNGXmlTestSuite.java:92)
	at org.apache.maven.surefire.testng.TestNGProvider.invoke(TestNGProvider.java:96)
	at sun.reflect.NativeMethodAccessorImpl.invoke0(Native Method)
	at sun.reflect.NativeMethodAccessorImpl.invoke(NativeMethodAccessorImpl.java:62)
	at sun.reflect.DelegatingMethodAccessorImpl.invoke(DelegatingMethodAccessorImpl.java:43)
	at java.lang.reflect.Method.invoke(Method.java:498)
	at org.apache.maven.surefire.util.ReflectionUtils.invokeMethodWithArray(ReflectionUtils.java:189)
	at org.apache.maven.surefire.booter.ProviderFactory$ProviderProxy.invoke(ProviderFactory.java:165)
	at org.apache.maven.surefire.booter.ProviderFactory.invokeProvider(ProviderFactory.java:85)
	at org.apache.maven.surefire.booter.ForkedBooter.runSuitesInProcess(ForkedBooter.java:113)
	at org.apache.maven.surefire.booter.ForkedBooter.main(ForkedBooter.java:75)
]]>
            </full-stacktrace>
          </exception> <!-- java.lang.Error -->
          <reporter-output>
          </reporter-output>
        </test-method> <!-- testUsgbcCore -->
        <test-method status="PASS" signature="closeDriver(org.testng.ITestResult)[pri:0, instance:com.usgbc.dev.regression.UsgbcCoreTest@36f6e879]" name="closeDriver" is-config="true" duration-ms="1125" started-at="2017-10-13T18:41:08Z" finished-at="2017-10-13T18:41:09Z">
          <params>
            <param index="0">
              <value>
                <![CDATA[[TestResult name=testUsgbcCore status=FAILURE method=UsgbcCoreTest.testUsgbcCore()[pri:0, instance:com.usgbc.dev.regression.UsgbcCoreTest@36f6e879] output={null}]]]>
              </value>
            </param>
          </params>
          <reporter-output>
          </reporter-output>
        </test-method> <!-- closeDriver -->
      </class> <!-- com.usgbc.dev.regression.UsgbcCoreTest -->
    </test> <!-- Test -->
  </suite> <!-- Suite -->
</testng-results>
