<?xml version="1.0" encoding="UTF-8"?>
<testng-results skipped="0" failed="1" total="5" passed="4">
  <reporter-output>
  </reporter-output>
  <suite name="Default suite" duration-ms="2916601" started-at="2017-10-24T09:29:37Z" finished-at="2017-10-24T10:18:13Z">
    <groups>
    </groups>
    <test name="Default test" duration-ms="2916601" started-at="2017-10-24T09:29:37Z" finished-at="2017-10-24T10:18:13Z">
      <class name="com.usgbc.dev.regression.UsgbcStoreTest">
        <test-method status="PASS" signature="getDriver()[pri:0, instance:com.usgbc.dev.regression.UsgbcStoreTest@5e3a8624]" name="getDriver" is-config="true" duration-ms="6749" started-at="2017-10-24T14:59:37Z" finished-at="2017-10-24T14:59:44Z">
          <reporter-output>
          </reporter-output>
        </test-method> <!-- getDriver -->
        <test-method status="PASS" signature="testUsgbcStore()[pri:0, instance:com.usgbc.dev.regression.UsgbcStoreTest@5e3a8624]" name="testUsgbcStore" duration-ms="26363" started-at="2017-10-24T14:59:44Z" finished-at="2017-10-24T15:00:10Z">
          <reporter-output>
          </reporter-output>
        </test-method> <!-- testUsgbcStore -->
        <test-method status="PASS" signature="closeDriver(org.testng.ITestResult)[pri:0, instance:com.usgbc.dev.regression.UsgbcStoreTest@5e3a8624]" name="closeDriver" is-config="true" duration-ms="1220" started-at="2017-10-24T15:00:10Z" finished-at="2017-10-24T15:00:11Z">
          <params>
            <param index="0">
              <value>
                <![CDATA[[TestResult name=testUsgbcStore status=SUCCESS method=UsgbcStoreTest.testUsgbcStore()[pri:0, instance:com.usgbc.dev.regression.UsgbcStoreTest@5e3a8624] output={null}]]]>
              </value>
            </param>
          </params>
          <reporter-output>
          </reporter-output>
        </test-method> <!-- closeDriver -->
        <test-method status="PASS" signature="getDriver()[pri:0, instance:com.usgbc.dev.regression.UsgbcStoreTest@5e3a8624]" name="getDriver" is-config="true" duration-ms="4517" started-at="2017-10-24T15:00:11Z" finished-at="2017-10-24T15:00:16Z">
          <reporter-output>
          </reporter-output>
        </test-method> <!-- getDriver -->
        <test-method status="PASS" signature="testUsgbcStoreGreen()[pri:0, instance:com.usgbc.dev.regression.UsgbcStoreTest@5e3a8624]" name="testUsgbcStoreGreen" duration-ms="240435" started-at="2017-10-24T15:00:16Z" finished-at="2017-10-24T15:04:16Z">
          <reporter-output>
          </reporter-output>
        </test-method> <!-- testUsgbcStoreGreen -->
        <test-method status="PASS" signature="closeDriver(org.testng.ITestResult)[pri:0, instance:com.usgbc.dev.regression.UsgbcStoreTest@5e3a8624]" name="closeDriver" is-config="true" duration-ms="938" started-at="2017-10-24T15:04:16Z" finished-at="2017-10-24T15:04:17Z">
          <params>
            <param index="0">
              <value>
                <![CDATA[[TestResult name=testUsgbcStoreGreen status=SUCCESS method=UsgbcStoreTest.testUsgbcStoreGreen()[pri:0, instance:com.usgbc.dev.regression.UsgbcStoreTest@5e3a8624] output={null}]]]>
              </value>
            </param>
          </params>
          <reporter-output>
          </reporter-output>
        </test-method> <!-- closeDriver -->
        <test-method status="PASS" signature="getDriver()[pri:0, instance:com.usgbc.dev.regression.UsgbcStoreTest@5e3a8624]" name="getDriver" is-config="true" duration-ms="5442" started-at="2017-10-24T15:04:17Z" finished-at="2017-10-24T15:04:23Z">
          <reporter-output>
          </reporter-output>
        </test-method> <!-- getDriver -->
        <test-method status="PASS" signature="testUsgbcStoreGreen2()[pri:0, instance:com.usgbc.dev.regression.UsgbcStoreTest@5e3a8624]" name="testUsgbcStoreGreen2" duration-ms="216134" started-at="2017-10-24T15:04:23Z" finished-at="2017-10-24T15:07:59Z">
          <reporter-output>
          </reporter-output>
        </test-method> <!-- testUsgbcStoreGreen2 -->
        <test-method status="PASS" signature="closeDriver(org.testng.ITestResult)[pri:0, instance:com.usgbc.dev.regression.UsgbcStoreTest@5e3a8624]" name="closeDriver" is-config="true" duration-ms="847" started-at="2017-10-24T15:07:59Z" finished-at="2017-10-24T15:08:00Z">
          <params>
            <param index="0">
              <value>
                <![CDATA[[TestResult name=testUsgbcStoreGreen2 status=SUCCESS method=UsgbcStoreTest.testUsgbcStoreGreen2()[pri:0, instance:com.usgbc.dev.regression.UsgbcStoreTest@5e3a8624] output={null}]]]>
              </value>
            </param>
          </params>
          <reporter-output>
          </reporter-output>
        </test-method> <!-- closeDriver -->
        <test-method status="PASS" signature="getDriver()[pri:0, instance:com.usgbc.dev.regression.UsgbcStoreTest@5e3a8624]" name="getDriver" is-config="true" duration-ms="4729" started-at="2017-10-24T15:08:00Z" finished-at="2017-10-24T15:08:04Z">
          <reporter-output>
          </reporter-output>
        </test-method> <!-- getDriver -->
        <test-method status="PASS" signature="testUsgbcStoreLEED()[pri:0, instance:com.usgbc.dev.regression.UsgbcStoreTest@5e3a8624]" name="testUsgbcStoreLEED" duration-ms="510263" started-at="2017-10-24T15:08:04Z" finished-at="2017-10-24T15:16:35Z">
          <reporter-output>
          </reporter-output>
        </test-method> <!-- testUsgbcStoreLEED -->
        <test-method status="PASS" signature="closeDriver(org.testng.ITestResult)[pri:0, instance:com.usgbc.dev.regression.UsgbcStoreTest@5e3a8624]" name="closeDriver" is-config="true" duration-ms="862" started-at="2017-10-24T15:16:35Z" finished-at="2017-10-24T15:16:35Z">
          <params>
            <param index="0">
              <value>
                <![CDATA[[TestResult name=testUsgbcStoreLEED status=SUCCESS method=UsgbcStoreTest.testUsgbcStoreLEED()[pri:0, instance:com.usgbc.dev.regression.UsgbcStoreTest@5e3a8624] output={null}]]]>
              </value>
            </param>
          </params>
          <reporter-output>
          </reporter-output>
        </test-method> <!-- closeDriver -->
        <test-method status="PASS" signature="getDriver()[pri:0, instance:com.usgbc.dev.regression.UsgbcStoreTest@5e3a8624]" name="getDriver" is-config="true" duration-ms="5246" started-at="2017-10-24T15:16:35Z" finished-at="2017-10-24T15:16:41Z">
          <reporter-output>
          </reporter-output>
        </test-method> <!-- getDriver -->
        <test-method status="FAIL" signature="testUsgbcStoreLEED2()[pri:0, instance:com.usgbc.dev.regression.UsgbcStoreTest@5e3a8624]" name="testUsgbcStoreLEED2" duration-ms="1891772" started-at="2017-10-24T15:16:41Z" finished-at="2017-10-24T15:48:12Z">
          <exception class="java.lang.Error">
            <message>
              <![CDATA[Error communicating with the remote browser. It may have died.
Build info: version: '2.53.1', revision: 'a36b8b1cd5757287168e54b817830adce9b0158d', time: '2016-06-30 19:26:09'
System info: host: 'G10GGNLT049', ip: '192.168.56.1', os.name: 'Windows 10', os.arch: 'amd64', os.version: '10.0', java.version: '1.8.0_131'
Driver info: driver.version: RemoteWebDriver
Capabilities [{applicationCacheEnabled=true, rotatable=false, handlesAlerts=true, databaseEnabled=true, version=47.0.1, platform=WINDOWS, nativeEvents=false, acceptSslCerts=true, webStorageEnabled=true, locationContextEnabled=true, browserName=firefox, takesScreenshot=true, javascriptEnabled=true, cssSelectorsEnabled=true}]
Session ID: b6b3d9b5-ede8-4c06-bfa5-a4a394514f13]]>
            </message>
            <full-stacktrace>
              <![CDATA[java.lang.Error: Error communicating with the remote browser. It may have died.
Build info: version: '2.53.1', revision: 'a36b8b1cd5757287168e54b817830adce9b0158d', time: '2016-06-30 19:26:09'
System info: host: 'G10GGNLT049', ip: '192.168.56.1', os.name: 'Windows 10', os.arch: 'amd64', os.version: '10.0', java.version: '1.8.0_131'
Driver info: driver.version: RemoteWebDriver
Capabilities [{applicationCacheEnabled=true, rotatable=false, handlesAlerts=true, databaseEnabled=true, version=47.0.1, platform=WINDOWS, nativeEvents=false, acceptSslCerts=true, webStorageEnabled=true, locationContextEnabled=true, browserName=firefox, takesScreenshot=true, javascriptEnabled=true, cssSelectorsEnabled=true}]
Session ID: b6b3d9b5-ede8-4c06-bfa5-a4a394514f13
	at org.openqa.selenium.remote.RemoteWebDriver.execute(RemoteWebDriver.java:665)
	at org.openqa.selenium.remote.RemoteWebDriver.execute(RemoteWebDriver.java:701)
	at org.openqa.selenium.remote.RemoteWebDriver.getCurrentUrl(RemoteWebDriver.java:326)
	at com.usgbc.utility.ReusableMethods.receiptdownload(ReusableMethods.java:68)
	at com.usgbc.utility.ReusableMethods.contactPaymentReceipt(ReusableMethods.java:119)
	at com.usgbc.dev.business.UsgbcStore.UsgbcStoreModuleLEED2(UsgbcStore.java:125)
	at com.usgbc.dev.regression.UsgbcStoreTest.testUsgbcStoreLEED2(UsgbcStoreTest.java:119)
	at sun.reflect.NativeMethodAccessorImpl.invoke0(Native Method)
	at sun.reflect.NativeMethodAccessorImpl.invoke(NativeMethodAccessorImpl.java:62)
	at sun.reflect.DelegatingMethodAccessorImpl.invoke(DelegatingMethodAccessorImpl.java:43)
	at java.lang.reflect.Method.invoke(Method.java:498)
	at org.testng.internal.MethodInvocationHelper.invokeMethod(MethodInvocationHelper.java:85)
	at org.testng.internal.Invoker.invokeMethod(Invoker.java:639)
	at org.testng.internal.Invoker.invokeTestMethod(Invoker.java:816)
	at org.testng.internal.Invoker.invokeTestMethods(Invoker.java:1124)
	at org.testng.internal.TestMethodWorker.invokeTestMethods(TestMethodWorker.java:125)
	at org.testng.internal.TestMethodWorker.run(TestMethodWorker.java:108)
	at org.testng.TestRunner.privateRun(TestRunner.java:774)
	at org.testng.TestRunner.run(TestRunner.java:624)
	at org.testng.SuiteRunner.runTest(SuiteRunner.java:359)
	at org.testng.SuiteRunner.runSequentially(SuiteRunner.java:354)
	at org.testng.SuiteRunner.privateRun(SuiteRunner.java:312)
	at org.testng.SuiteRunner.run(SuiteRunner.java:261)
	at org.testng.SuiteRunnerWorker.runSuite(SuiteRunnerWorker.java:52)
	at org.testng.SuiteRunnerWorker.run(SuiteRunnerWorker.java:86)
	at org.testng.TestNG.runSuitesSequentially(TestNG.java:1191)
	at org.testng.TestNG.runSuitesLocally(TestNG.java:1116)
	at org.testng.TestNG.run(TestNG.java:1024)
	at org.testng.remote.AbstractRemoteTestNG.run(AbstractRemoteTestNG.java:132)
	at org.testng.remote.RemoteTestNG.initAndRun(RemoteTestNG.java:230)
	at org.testng.remote.RemoteTestNG.main(RemoteTestNG.java:76)
]]>
            </full-stacktrace>
          </exception> <!-- java.lang.Error -->
          <reporter-output>
          </reporter-output>
        </test-method> <!-- testUsgbcStoreLEED2 -->
        <test-method status="FAIL" signature="closeDriver(org.testng.ITestResult)[pri:0, instance:com.usgbc.dev.regression.UsgbcStoreTest@5e3a8624]" name="closeDriver" is-config="true" duration-ms="0" started-at="2017-10-24T15:48:12Z" finished-at="2017-10-24T15:48:12Z">
          <params>
            <param index="0">
              <value>
                <![CDATA[[TestResult name=testUsgbcStoreLEED2 status=FAILURE method=UsgbcStoreTest.testUsgbcStoreLEED2()[pri:0, instance:com.usgbc.dev.regression.UsgbcStoreTest@5e3a8624] output={null}]]]>
              </value>
            </param>
          </params>
          <exception class="org.openqa.selenium.remote.UnreachableBrowserException">
            <message>
              <![CDATA[Error communicating with the remote browser. It may have died.
Build info: version: '2.53.1', revision: 'a36b8b1cd5757287168e54b817830adce9b0158d', time: '2016-06-30 19:26:09'
System info: host: 'G10GGNLT049', ip: '192.168.56.1', os.name: 'Windows 10', os.arch: 'amd64', os.version: '10.0', java.version: '1.8.0_131'
Driver info: driver.version: FirefoxDriver
Capabilities [{applicationCacheEnabled=true, rotatable=false, handlesAlerts=true, databaseEnabled=true, version=47.0.1, platform=WINDOWS, nativeEvents=false, acceptSslCerts=true, webStorageEnabled=true, locationContextEnabled=true, browserName=firefox, takesScreenshot=true, javascriptEnabled=true, cssSelectorsEnabled=true}]
Session ID: b6b3d9b5-ede8-4c06-bfa5-a4a394514f13]]>
            </message>
            <full-stacktrace>
              <![CDATA[org.openqa.selenium.remote.UnreachableBrowserException: Error communicating with the remote browser. It may have died.
Build info: version: '2.53.1', revision: 'a36b8b1cd5757287168e54b817830adce9b0158d', time: '2016-06-30 19:26:09'
System info: host: 'G10GGNLT049', ip: '192.168.56.1', os.name: 'Windows 10', os.arch: 'amd64', os.version: '10.0', java.version: '1.8.0_131'
Driver info: driver.version: FirefoxDriver
Capabilities [{applicationCacheEnabled=true, rotatable=false, handlesAlerts=true, databaseEnabled=true, version=47.0.1, platform=WINDOWS, nativeEvents=false, acceptSslCerts=true, webStorageEnabled=true, locationContextEnabled=true, browserName=firefox, takesScreenshot=true, javascriptEnabled=true, cssSelectorsEnabled=true}]
Session ID: b6b3d9b5-ede8-4c06-bfa5-a4a394514f13
	at org.openqa.selenium.remote.RemoteWebDriver.execute(RemoteWebDriver.java:665)
	at org.openqa.selenium.remote.RemoteWebDriver.execute(RemoteWebDriver.java:701)
	at org.openqa.selenium.firefox.FirefoxDriver.getScreenshotAs(FirefoxDriver.java:341)
	at com.usgbc.utility.Report.afterMethod(Report.java:67)
	at com.usgbc.utility.Base.closeDriver(Base.java:69)
	at sun.reflect.NativeMethodAccessorImpl.invoke0(Native Method)
	at sun.reflect.NativeMethodAccessorImpl.invoke(NativeMethodAccessorImpl.java:62)
	at sun.reflect.DelegatingMethodAccessorImpl.invoke(DelegatingMethodAccessorImpl.java:43)
	at java.lang.reflect.Method.invoke(Method.java:498)
	at org.testng.internal.MethodInvocationHelper.invokeMethod(MethodInvocationHelper.java:85)
	at org.testng.internal.Invoker.invokeConfigurationMethod(Invoker.java:510)
	at org.testng.internal.Invoker.invokeConfigurations(Invoker.java:211)
	at org.testng.internal.Invoker.invokeMethod(Invoker.java:703)
	at org.testng.internal.Invoker.invokeTestMethod(Invoker.java:816)
	at org.testng.internal.Invoker.invokeTestMethods(Invoker.java:1124)
	at org.testng.internal.TestMethodWorker.invokeTestMethods(TestMethodWorker.java:125)
	at org.testng.internal.TestMethodWorker.run(TestMethodWorker.java:108)
	at org.testng.TestRunner.privateRun(TestRunner.java:774)
	at org.testng.TestRunner.run(TestRunner.java:624)
	at org.testng.SuiteRunner.runTest(SuiteRunner.java:359)
	at org.testng.SuiteRunner.runSequentially(SuiteRunner.java:354)
	at org.testng.SuiteRunner.privateRun(SuiteRunner.java:312)
	at org.testng.SuiteRunner.run(SuiteRunner.java:261)
	at org.testng.SuiteRunnerWorker.runSuite(SuiteRunnerWorker.java:52)
	at org.testng.SuiteRunnerWorker.run(SuiteRunnerWorker.java:86)
	at org.testng.TestNG.runSuitesSequentially(TestNG.java:1191)
	at org.testng.TestNG.runSuitesLocally(TestNG.java:1116)
	at org.testng.TestNG.run(TestNG.java:1024)
	at org.testng.remote.AbstractRemoteTestNG.run(AbstractRemoteTestNG.java:132)
	at org.testng.remote.RemoteTestNG.initAndRun(RemoteTestNG.java:230)
	at org.testng.remote.RemoteTestNG.main(RemoteTestNG.java:76)
Caused by: org.apache.http.conn.HttpHostConnectException: Connect to 127.0.0.1:7055 [/127.0.0.1] failed: Connection refused: connect
	at org.apache.http.impl.conn.DefaultHttpClientConnectionOperator.connect(DefaultHttpClientConnectionOperator.java:151)
	at org.apache.http.impl.conn.PoolingHttpClientConnectionManager.connect(PoolingHttpClientConnectionManager.java:353)
	at org.apache.http.impl.execchain.MainClientExec.establishRoute(MainClientExec.java:380)
	at org.apache.http.impl.execchain.MainClientExec.execute(MainClientExec.java:236)
	at org.apache.http.impl.execchain.ProtocolExec.execute(ProtocolExec.java:184)
	at org.apache.http.impl.execchain.RetryExec.execute(RetryExec.java:88)
	at org.apache.http.impl.execchain.RedirectExec.execute(RedirectExec.java:110)
	at org.apache.http.impl.client.InternalHttpClient.doExecute(InternalHttpClient.java:184)
	at org.apache.http.impl.client.CloseableHttpClient.execute(CloseableHttpClient.java:71)
	at org.apache.http.impl.client.CloseableHttpClient.execute(CloseableHttpClient.java:55)
	at org.openqa.selenium.remote.internal.ApacheHttpClient.fallBackExecute(ApacheHttpClient.java:144)
	at org.openqa.selenium.remote.internal.ApacheHttpClient.execute(ApacheHttpClient.java:90)
	at org.openqa.selenium.remote.HttpCommandExecutor.execute(HttpCommandExecutor.java:142)
	at org.openqa.selenium.firefox.internal.NewProfileExtensionConnection.execute(NewProfileExtensionConnection.java:160)
	at org.openqa.selenium.firefox.FirefoxDriver$LazyCommandExecutor.execute(FirefoxDriver.java:380)
	at org.openqa.selenium.remote.RemoteWebDriver.execute(RemoteWebDriver.java:644)
	... 30 more
Caused by: java.net.ConnectException: Connection refused: connect
	at java.net.DualStackPlainSocketImpl.waitForConnect(Native Method)
	at java.net.DualStackPlainSocketImpl.socketConnect(DualStackPlainSocketImpl.java:85)
	at java.net.AbstractPlainSocketImpl.doConnect(AbstractPlainSocketImpl.java:350)
	at java.net.AbstractPlainSocketImpl.connectToAddress(AbstractPlainSocketImpl.java:206)
	at java.net.AbstractPlainSocketImpl.connect(AbstractPlainSocketImpl.java:188)
	at java.net.PlainSocketImpl.connect(PlainSocketImpl.java:172)
	at java.net.SocksSocketImpl.connect(SocksSocketImpl.java:392)
	at java.net.Socket.connect(Socket.java:589)
	at org.apache.http.conn.socket.PlainConnectionSocketFactory.connectSocket(PlainConnectionSocketFactory.java:74)
	at org.apache.http.impl.conn.DefaultHttpClientConnectionOperator.connect(DefaultHttpClientConnectionOperator.java:134)
	... 45 more
]]>
            </full-stacktrace>
          </exception> <!-- org.openqa.selenium.remote.UnreachableBrowserException -->
          <reporter-output>
          </reporter-output>
        </test-method> <!-- closeDriver -->
      </class> <!-- com.usgbc.dev.regression.UsgbcStoreTest -->
    </test> <!-- Default test -->
  </suite> <!-- Default suite -->
</testng-results>
